<?xml version="1.0" encoding="UTF-8"?>
<testng-results ignored="0" total="2" passed="2" failed="0" skipped="0">
  <reporter-output>
  </reporter-output>
  <suite started-at="2024-10-14T16:36:42 GMT+03:00" name="Default suite" finished-at="2024-10-14T16:37:06 GMT+03:00" duration-ms="24050">
    <groups>
    </groups>
    <test started-at="2024-10-14T16:36:42 GMT+03:00" name="Default test" finished-at="2024-10-14T16:37:06 GMT+03:00" duration-ms="24050">
      <class name="MyTestCases2">
        <test-method is-config="true" signature="mySetup()[pri:0, instance:MyTestCases2@43b6123e]" started-at="2024-10-14T16:36:42 GMT+03:00" name="mySetup" finished-at="2024-10-14T16:36:47 GMT+03:00" duration-ms="5169" status="PASS">
          <reporter-output>
          </reporter-output>
        </test-method> <!-- mySetup -->
        <test-method signature="signUp()[pri:1, instance:MyTestCases2@43b6123e]" started-at="2024-10-14T16:36:47 GMT+03:00" name="signUp" finished-at="2024-10-14T16:37:00 GMT+03:00" duration-ms="12926" status="PASS">
          <reporter-output>
          </reporter-output>
        </test-method> <!-- signUp -->
        <test-method signature="Logout()[pri:2, instance:MyTestCases2@43b6123e]" started-at="2024-10-14T16:37:00 GMT+03:00" name="Logout" finished-at="2024-10-14T16:37:06 GMT+03:00" duration-ms="5915" status="PASS">
          <reporter-output>
          </reporter-output>
        </test-method> <!-- Logout -->
      </class> <!-- MyTestCases2 -->
    </test> <!-- Default test -->
  </suite> <!-- Default suite -->
</testng-results>
